

============================== 2022-11-29 09:29:15.151988 | 1d1bb31f-aecf-48cf-b854-1b015a59d7e5 ==============================
[0m09:29:15.151988 [info ] [MainThread]: Running with dbt=1.3.1
[0m09:29:15.151988 [debug] [MainThread]: running dbt with arguments {'write_json': True, 'use_colors': True, 'printer_width': 80, 'version_check': True, 'partial_parse': True, 'static_parser': True, 'profiles_dir': 'C:\\Users\\ujjalkumar\\.dbt', 'send_anonymous_usage_stats': True, 'event_buffer_size': 100000, 'quiet': False, 'no_print': False, 'project_name': 'learn-dbt', 'skip_profile_setup': False, 'which': 'init', 'indirect_selection': 'eager'}
[0m09:29:15.151988 [debug] [MainThread]: Tracking: tracking
[0m09:29:15.162023 [debug] [MainThread]: Sending event: {'category': 'dbt', 'action': 'invocation', 'label': 'start', 'context': [<snowplow_tracker.self_describing_json.SelfDescribingJson object at 0x000002CB1257B370>, <snowplow_tracker.self_describing_json.SelfDescribingJson object at 0x000002CB1257B220>, <snowplow_tracker.self_describing_json.SelfDescribingJson object at 0x000002CB1257B2B0>]}
[0m09:29:15.162023 [info ] [MainThread]: Creating dbt configuration folder at C:\Users\ujjalkumar\.dbt
[0m09:29:39.658120 [debug] [MainThread]: Starter project path: C:\Users\ujjalkumar\anaconda3\lib\site-packages\dbt\include\starter_project
[0m09:35:06.058034 [info ] [MainThread]: Profile learndbt written to C:\Users\ujjalkumar\.dbt\profiles.yml using target's profile_template.yml and your supplied values. Run 'dbt debug' to validate the connection.
[0m09:35:06.062060 [info ] [MainThread]: 
Your new dbt project "learndbt" was created!

For more information on how to configure the profiles.yml file,
please consult the dbt documentation here:

  https://docs.getdbt.com/docs/configure-your-profile

One more thing:

Need help? Don't hesitate to reach out to us via GitHub issues or on Slack:

  https://community.getdbt.com/

Happy modeling!

[0m09:35:06.062060 [debug] [MainThread]: Sending event: {'category': 'dbt', 'action': 'invocation', 'label': 'end', 'context': [<snowplow_tracker.self_describing_json.SelfDescribingJson object at 0x000002CB152164C0>, <snowplow_tracker.self_describing_json.SelfDescribingJson object at 0x000002CB1520D760>, <snowplow_tracker.self_describing_json.SelfDescribingJson object at 0x000002CB1520D880>]}
[0m09:35:06.062060 [debug] [MainThread]: Flushing usage events


============================== 2022-11-29 09:56:31.533461 | 83cc52cf-a0ed-4685-9815-d5e777eac2f6 ==============================
[0m09:56:31.533461 [info ] [MainThread]: Running with dbt=1.3.1
[0m09:56:31.533461 [debug] [MainThread]: running dbt with arguments {'write_json': True, 'use_colors': True, 'printer_width': 80, 'version_check': True, 'partial_parse': True, 'static_parser': True, 'profiles_dir': 'C:\\Users\\ujjalkumar\\.dbt', 'send_anonymous_usage_stats': True, 'event_buffer_size': 100000, 'quiet': False, 'no_print': False, 'config_dir': False, 'which': 'debug', 'indirect_selection': 'eager'}
[0m09:56:31.533461 [debug] [MainThread]: Tracking: tracking
[0m09:56:31.543413 [debug] [MainThread]: Sending event: {'category': 'dbt', 'action': 'invocation', 'label': 'start', 'context': [<snowplow_tracker.self_describing_json.SelfDescribingJson object at 0x000001C9E5DF6A60>, <snowplow_tracker.self_describing_json.SelfDescribingJson object at 0x000001C9E5DF65E0>, <snowplow_tracker.self_describing_json.SelfDescribingJson object at 0x000001C9E5DF6A00>]}
[0m09:56:32.469028 [debug] [MainThread]: Executing "git --help"
[0m09:56:32.492604 [debug] [MainThread]: STDOUT: "b"usage: git [-v | --version] [-h | --help] [-C <path>] [-c <name>=<value>]\n           [--exec-path[=<path>]] [--html-path] [--man-path] [--info-path]\n           [-p | --paginate | -P | --no-pager] [--no-replace-objects] [--bare]\n           [--git-dir=<path>] [--work-tree=<path>] [--namespace=<name>]\n           [--super-prefix=<path>] [--config-env=<name>=<envvar>]\n           <command> [<args>]\n\nThese are common Git commands used in various situations:\n\nstart a working area (see also: git help tutorial)\n   clone     Clone a repository into a new directory\n   init      Create an empty Git repository or reinitialize an existing one\n\nwork on the current change (see also: git help everyday)\n   add       Add file contents to the index\n   mv        Move or rename a file, a directory, or a symlink\n   restore   Restore working tree files\n   rm        Remove files from the working tree and from the index\n\nexamine the history and state (see also: git help revisions)\n   bisect    Use binary search to find the commit that introduced a bug\n   diff      Show changes between commits, commit and working tree, etc\n   grep      Print lines matching a pattern\n   log       Show commit logs\n   show      Show various types of objects\n   status    Show the working tree status\n\ngrow, mark and tweak your common history\n   branch    List, create, or delete branches\n   commit    Record changes to the repository\n   merge     Join two or more development histories together\n   rebase    Reapply commits on top of another base tip\n   reset     Reset current HEAD to the specified state\n   switch    Switch branches\n   tag       Create, list, delete or verify a tag object signed with GPG\n\ncollaborate (see also: git help workflows)\n   fetch     Download objects and refs from another repository\n   pull      Fetch from and integrate with another repository or a local branch\n   push      Update remote refs along with associated objects\n\n'git help -a' and 'git help -g' list available subcommands and some\nconcept guides. See 'git help <command>' or 'git help <concept>'\nto read about a specific subcommand or concept.\nSee 'git help git' for an overview of the system.\n""
[0m09:56:32.492604 [debug] [MainThread]: STDERR: "b''"
[0m09:56:32.496278 [debug] [MainThread]: Acquiring new snowflake connection "debug"
[0m09:56:32.497281 [debug] [MainThread]: Using snowflake connection "debug"
[0m09:56:32.497281 [debug] [MainThread]: On debug: select 1 as id
[0m09:56:32.498069 [debug] [MainThread]: Opening a new connection, currently in state init
[0m09:56:33.542158 [debug] [MainThread]: SQL status: SUCCESS 1 in 1.04 seconds
[0m09:56:33.543153 [debug] [MainThread]: On debug: Close
[0m09:56:33.767345 [debug] [MainThread]: Sending event: {'category': 'dbt', 'action': 'invocation', 'label': 'end', 'context': [<snowplow_tracker.self_describing_json.SelfDescribingJson object at 0x000001C9E8C16CA0>, <snowplow_tracker.self_describing_json.SelfDescribingJson object at 0x000001C9E8B01E80>, <snowplow_tracker.self_describing_json.SelfDescribingJson object at 0x000001C9E8AE9A30>]}
[0m09:56:33.768607 [debug] [MainThread]: Flushing usage events
[0m09:56:34.956341 [debug] [MainThread]: Connection 'debug' was properly closed.


============================== 2022-11-29 09:57:51.760419 | 21a80d54-c498-4c16-bf4a-fe5602917259 ==============================
[0m09:57:51.760419 [info ] [MainThread]: Running with dbt=1.3.1
[0m09:57:51.761426 [debug] [MainThread]: running dbt with arguments {'write_json': True, 'use_colors': True, 'printer_width': 80, 'version_check': True, 'partial_parse': True, 'static_parser': True, 'profiles_dir': 'C:\\Users\\ujjalkumar\\.dbt', 'send_anonymous_usage_stats': True, 'event_buffer_size': 100000, 'quiet': False, 'no_print': False, 'config_dir': False, 'which': 'debug', 'indirect_selection': 'eager'}
[0m09:57:51.761426 [debug] [MainThread]: Tracking: tracking
[0m09:57:51.770425 [debug] [MainThread]: Sending event: {'category': 'dbt', 'action': 'invocation', 'label': 'start', 'context': [<snowplow_tracker.self_describing_json.SelfDescribingJson object at 0x000002893A246B50>, <snowplow_tracker.self_describing_json.SelfDescribingJson object at 0x000002893A2466D0>, <snowplow_tracker.self_describing_json.SelfDescribingJson object at 0x000002893A2469A0>]}
[0m09:57:52.399249 [debug] [MainThread]: Executing "git --help"
[0m09:57:52.423849 [debug] [MainThread]: STDOUT: "b"usage: git [-v | --version] [-h | --help] [-C <path>] [-c <name>=<value>]\n           [--exec-path[=<path>]] [--html-path] [--man-path] [--info-path]\n           [-p | --paginate | -P | --no-pager] [--no-replace-objects] [--bare]\n           [--git-dir=<path>] [--work-tree=<path>] [--namespace=<name>]\n           [--super-prefix=<path>] [--config-env=<name>=<envvar>]\n           <command> [<args>]\n\nThese are common Git commands used in various situations:\n\nstart a working area (see also: git help tutorial)\n   clone     Clone a repository into a new directory\n   init      Create an empty Git repository or reinitialize an existing one\n\nwork on the current change (see also: git help everyday)\n   add       Add file contents to the index\n   mv        Move or rename a file, a directory, or a symlink\n   restore   Restore working tree files\n   rm        Remove files from the working tree and from the index\n\nexamine the history and state (see also: git help revisions)\n   bisect    Use binary search to find the commit that introduced a bug\n   diff      Show changes between commits, commit and working tree, etc\n   grep      Print lines matching a pattern\n   log       Show commit logs\n   show      Show various types of objects\n   status    Show the working tree status\n\ngrow, mark and tweak your common history\n   branch    List, create, or delete branches\n   commit    Record changes to the repository\n   merge     Join two or more development histories together\n   rebase    Reapply commits on top of another base tip\n   reset     Reset current HEAD to the specified state\n   switch    Switch branches\n   tag       Create, list, delete or verify a tag object signed with GPG\n\ncollaborate (see also: git help workflows)\n   fetch     Download objects and refs from another repository\n   pull      Fetch from and integrate with another repository or a local branch\n   push      Update remote refs along with associated objects\n\n'git help -a' and 'git help -g' list available subcommands and some\nconcept guides. See 'git help <command>' or 'git help <concept>'\nto read about a specific subcommand or concept.\nSee 'git help git' for an overview of the system.\n""
[0m09:57:52.423849 [debug] [MainThread]: STDERR: "b''"
[0m09:57:52.431131 [debug] [MainThread]: Acquiring new snowflake connection "debug"
[0m09:57:52.432133 [debug] [MainThread]: Using snowflake connection "debug"
[0m09:57:52.432133 [debug] [MainThread]: On debug: select 1 as id
[0m09:57:52.432133 [debug] [MainThread]: Opening a new connection, currently in state init
[0m09:57:53.385714 [debug] [MainThread]: SQL status: SUCCESS 1 in 0.95 seconds
[0m09:57:53.388713 [debug] [MainThread]: On debug: Close
[0m09:57:53.615465 [debug] [MainThread]: Sending event: {'category': 'dbt', 'action': 'invocation', 'label': 'end', 'context': [<snowplow_tracker.self_describing_json.SelfDescribingJson object at 0x000002893D1880A0>, <snowplow_tracker.self_describing_json.SelfDescribingJson object at 0x000002893D0F8F70>, <snowplow_tracker.self_describing_json.SelfDescribingJson object at 0x000002893D0F8A60>]}
[0m09:57:53.616405 [debug] [MainThread]: Flushing usage events
[0m09:57:54.733510 [debug] [MainThread]: Connection 'debug' was properly closed.


============================== 2022-11-29 10:00:43.479509 | 00bab1c5-c800-480b-97df-fa55b25917be ==============================
[0m10:00:43.479509 [info ] [MainThread]: Running with dbt=1.3.1
[0m10:00:43.479509 [debug] [MainThread]: running dbt with arguments {'write_json': True, 'use_colors': True, 'printer_width': 80, 'version_check': True, 'partial_parse': True, 'static_parser': True, 'profiles_dir': 'C:\\Users\\ujjalkumar\\.dbt', 'send_anonymous_usage_stats': True, 'event_buffer_size': 100000, 'quiet': False, 'no_print': False, 'config_dir': False, 'which': 'debug', 'indirect_selection': 'eager'}
[0m10:00:43.480509 [debug] [MainThread]: Tracking: tracking
[0m10:00:43.488510 [debug] [MainThread]: Sending event: {'category': 'dbt', 'action': 'invocation', 'label': 'start', 'context': [<snowplow_tracker.self_describing_json.SelfDescribingJson object at 0x00000202BB726AC0>, <snowplow_tracker.self_describing_json.SelfDescribingJson object at 0x00000202BB726640>, <snowplow_tracker.self_describing_json.SelfDescribingJson object at 0x00000202BB726910>]}
[0m10:00:44.086926 [debug] [MainThread]: Executing "git --help"
[0m10:00:44.115710 [debug] [MainThread]: STDOUT: "b"usage: git [-v | --version] [-h | --help] [-C <path>] [-c <name>=<value>]\n           [--exec-path[=<path>]] [--html-path] [--man-path] [--info-path]\n           [-p | --paginate | -P | --no-pager] [--no-replace-objects] [--bare]\n           [--git-dir=<path>] [--work-tree=<path>] [--namespace=<name>]\n           [--super-prefix=<path>] [--config-env=<name>=<envvar>]\n           <command> [<args>]\n\nThese are common Git commands used in various situations:\n\nstart a working area (see also: git help tutorial)\n   clone     Clone a repository into a new directory\n   init      Create an empty Git repository or reinitialize an existing one\n\nwork on the current change (see also: git help everyday)\n   add       Add file contents to the index\n   mv        Move or rename a file, a directory, or a symlink\n   restore   Restore working tree files\n   rm        Remove files from the working tree and from the index\n\nexamine the history and state (see also: git help revisions)\n   bisect    Use binary search to find the commit that introduced a bug\n   diff      Show changes between commits, commit and working tree, etc\n   grep      Print lines matching a pattern\n   log       Show commit logs\n   show      Show various types of objects\n   status    Show the working tree status\n\ngrow, mark and tweak your common history\n   branch    List, create, or delete branches\n   commit    Record changes to the repository\n   merge     Join two or more development histories together\n   rebase    Reapply commits on top of another base tip\n   reset     Reset current HEAD to the specified state\n   switch    Switch branches\n   tag       Create, list, delete or verify a tag object signed with GPG\n\ncollaborate (see also: git help workflows)\n   fetch     Download objects and refs from another repository\n   pull      Fetch from and integrate with another repository or a local branch\n   push      Update remote refs along with associated objects\n\n'git help -a' and 'git help -g' list available subcommands and some\nconcept guides. See 'git help <command>' or 'git help <concept>'\nto read about a specific subcommand or concept.\nSee 'git help git' for an overview of the system.\n""
[0m10:00:44.115710 [debug] [MainThread]: STDERR: "b''"
[0m10:00:44.115710 [debug] [MainThread]: Acquiring new snowflake connection "debug"
[0m10:00:44.115710 [debug] [MainThread]: Using snowflake connection "debug"
[0m10:00:44.115710 [debug] [MainThread]: On debug: select 1 as id
[0m10:00:44.115710 [debug] [MainThread]: Opening a new connection, currently in state init
[0m10:00:45.106083 [debug] [MainThread]: SQL status: SUCCESS 1 in 0.99 seconds
[0m10:00:45.106083 [debug] [MainThread]: On debug: Close
[0m10:00:45.315219 [debug] [MainThread]: Sending event: {'category': 'dbt', 'action': 'invocation', 'label': 'end', 'context': [<snowplow_tracker.self_describing_json.SelfDescribingJson object at 0x00000202BE435700>, <snowplow_tracker.self_describing_json.SelfDescribingJson object at 0x00000202BE412490>, <snowplow_tracker.self_describing_json.SelfDescribingJson object at 0x00000202BE412AC0>]}
[0m10:00:45.315219 [debug] [MainThread]: Flushing usage events
[0m10:00:46.412053 [debug] [MainThread]: Connection 'debug' was properly closed.


============================== 2022-11-29 10:02:38.485233 | 1516cfdf-2de0-45ae-a249-c18d9421785b ==============================
[0m10:02:38.485233 [info ] [MainThread]: Running with dbt=1.3.1
[0m10:02:38.486233 [debug] [MainThread]: running dbt with arguments {'write_json': True, 'use_colors': True, 'printer_width': 80, 'version_check': True, 'partial_parse': True, 'static_parser': True, 'profiles_dir': 'C:\\Users\\ujjalkumar\\.dbt', 'send_anonymous_usage_stats': True, 'event_buffer_size': 100000, 'quiet': False, 'no_print': False, 'config_dir': False, 'which': 'debug', 'indirect_selection': 'eager'}
[0m10:02:38.486233 [debug] [MainThread]: Tracking: tracking
[0m10:02:38.496192 [debug] [MainThread]: Sending event: {'category': 'dbt', 'action': 'invocation', 'label': 'start', 'context': [<snowplow_tracker.self_describing_json.SelfDescribingJson object at 0x0000028D6E677AC0>, <snowplow_tracker.self_describing_json.SelfDescribingJson object at 0x0000028D6E677640>, <snowplow_tracker.self_describing_json.SelfDescribingJson object at 0x0000028D6E677910>]}
[0m10:02:39.104047 [debug] [MainThread]: Executing "git --help"
[0m10:02:39.126849 [debug] [MainThread]: STDOUT: "b"usage: git [-v | --version] [-h | --help] [-C <path>] [-c <name>=<value>]\n           [--exec-path[=<path>]] [--html-path] [--man-path] [--info-path]\n           [-p | --paginate | -P | --no-pager] [--no-replace-objects] [--bare]\n           [--git-dir=<path>] [--work-tree=<path>] [--namespace=<name>]\n           [--super-prefix=<path>] [--config-env=<name>=<envvar>]\n           <command> [<args>]\n\nThese are common Git commands used in various situations:\n\nstart a working area (see also: git help tutorial)\n   clone     Clone a repository into a new directory\n   init      Create an empty Git repository or reinitialize an existing one\n\nwork on the current change (see also: git help everyday)\n   add       Add file contents to the index\n   mv        Move or rename a file, a directory, or a symlink\n   restore   Restore working tree files\n   rm        Remove files from the working tree and from the index\n\nexamine the history and state (see also: git help revisions)\n   bisect    Use binary search to find the commit that introduced a bug\n   diff      Show changes between commits, commit and working tree, etc\n   grep      Print lines matching a pattern\n   log       Show commit logs\n   show      Show various types of objects\n   status    Show the working tree status\n\ngrow, mark and tweak your common history\n   branch    List, create, or delete branches\n   commit    Record changes to the repository\n   merge     Join two or more development histories together\n   rebase    Reapply commits on top of another base tip\n   reset     Reset current HEAD to the specified state\n   switch    Switch branches\n   tag       Create, list, delete or verify a tag object signed with GPG\n\ncollaborate (see also: git help workflows)\n   fetch     Download objects and refs from another repository\n   pull      Fetch from and integrate with another repository or a local branch\n   push      Update remote refs along with associated objects\n\n'git help -a' and 'git help -g' list available subcommands and some\nconcept guides. See 'git help <command>' or 'git help <concept>'\nto read about a specific subcommand or concept.\nSee 'git help git' for an overview of the system.\n""
[0m10:02:39.126849 [debug] [MainThread]: STDERR: "b''"
[0m10:02:39.130495 [debug] [MainThread]: Acquiring new snowflake connection "debug"
[0m10:02:39.131508 [debug] [MainThread]: Using snowflake connection "debug"
[0m10:02:39.131508 [debug] [MainThread]: On debug: select 1 as id
[0m10:02:39.131508 [debug] [MainThread]: Opening a new connection, currently in state init
[0m10:02:41.095114 [debug] [MainThread]: SQL status: SUCCESS 1 in 1.96 seconds
[0m10:02:41.097114 [debug] [MainThread]: On debug: Close
[0m10:02:41.327319 [debug] [MainThread]: Sending event: {'category': 'dbt', 'action': 'invocation', 'label': 'end', 'context': [<snowplow_tracker.self_describing_json.SelfDescribingJson object at 0x0000028D71385700>, <snowplow_tracker.self_describing_json.SelfDescribingJson object at 0x0000028D71362490>, <snowplow_tracker.self_describing_json.SelfDescribingJson object at 0x0000028D71362AC0>]}
[0m10:02:41.328317 [debug] [MainThread]: Flushing usage events
[0m10:02:44.634149 [debug] [MainThread]: Connection 'debug' was properly closed.


============================== 2022-11-29 10:06:11.976565 | 3284c415-81d8-4f76-888a-588564b47cc5 ==============================
[0m10:06:11.976565 [info ] [MainThread]: Running with dbt=1.3.1
[0m10:06:11.977566 [debug] [MainThread]: running dbt with arguments {'write_json': True, 'use_colors': True, 'printer_width': 80, 'version_check': True, 'partial_parse': True, 'static_parser': True, 'profiles_dir': 'C:\\Users\\ujjalkumar\\.dbt', 'send_anonymous_usage_stats': True, 'event_buffer_size': 100000, 'quiet': False, 'no_print': False, 'config_dir': False, 'which': 'debug', 'indirect_selection': 'eager'}
[0m10:06:11.977566 [debug] [MainThread]: Tracking: tracking
[0m10:06:11.985557 [debug] [MainThread]: Sending event: {'category': 'dbt', 'action': 'invocation', 'label': 'start', 'context': [<snowplow_tracker.self_describing_json.SelfDescribingJson object at 0x000001894C5C6B50>, <snowplow_tracker.self_describing_json.SelfDescribingJson object at 0x000001894C5C66D0>, <snowplow_tracker.self_describing_json.SelfDescribingJson object at 0x000001894C5C69A0>]}
[0m10:06:12.573809 [debug] [MainThread]: Executing "git --help"
[0m10:06:12.596678 [debug] [MainThread]: STDOUT: "b"usage: git [-v | --version] [-h | --help] [-C <path>] [-c <name>=<value>]\n           [--exec-path[=<path>]] [--html-path] [--man-path] [--info-path]\n           [-p | --paginate | -P | --no-pager] [--no-replace-objects] [--bare]\n           [--git-dir=<path>] [--work-tree=<path>] [--namespace=<name>]\n           [--super-prefix=<path>] [--config-env=<name>=<envvar>]\n           <command> [<args>]\n\nThese are common Git commands used in various situations:\n\nstart a working area (see also: git help tutorial)\n   clone     Clone a repository into a new directory\n   init      Create an empty Git repository or reinitialize an existing one\n\nwork on the current change (see also: git help everyday)\n   add       Add file contents to the index\n   mv        Move or rename a file, a directory, or a symlink\n   restore   Restore working tree files\n   rm        Remove files from the working tree and from the index\n\nexamine the history and state (see also: git help revisions)\n   bisect    Use binary search to find the commit that introduced a bug\n   diff      Show changes between commits, commit and working tree, etc\n   grep      Print lines matching a pattern\n   log       Show commit logs\n   show      Show various types of objects\n   status    Show the working tree status\n\ngrow, mark and tweak your common history\n   branch    List, create, or delete branches\n   commit    Record changes to the repository\n   merge     Join two or more development histories together\n   rebase    Reapply commits on top of another base tip\n   reset     Reset current HEAD to the specified state\n   switch    Switch branches\n   tag       Create, list, delete or verify a tag object signed with GPG\n\ncollaborate (see also: git help workflows)\n   fetch     Download objects and refs from another repository\n   pull      Fetch from and integrate with another repository or a local branch\n   push      Update remote refs along with associated objects\n\n'git help -a' and 'git help -g' list available subcommands and some\nconcept guides. See 'git help <command>' or 'git help <concept>'\nto read about a specific subcommand or concept.\nSee 'git help git' for an overview of the system.\n""
[0m10:06:12.596678 [debug] [MainThread]: STDERR: "b''"
[0m10:06:12.605118 [debug] [MainThread]: Acquiring new snowflake connection "debug"
[0m10:06:12.606120 [debug] [MainThread]: Using snowflake connection "debug"
[0m10:06:12.606120 [debug] [MainThread]: On debug: select 1 as id
[0m10:06:12.606120 [debug] [MainThread]: Opening a new connection, currently in state init
[0m10:06:14.148619 [debug] [MainThread]: SQL status: SUCCESS 1 in 1.54 seconds
[0m10:06:14.150618 [debug] [MainThread]: On debug: Close
[0m10:06:14.372509 [debug] [MainThread]: Sending event: {'category': 'dbt', 'action': 'invocation', 'label': 'end', 'context': [<snowplow_tracker.self_describing_json.SelfDescribingJson object at 0x000001894F2B9E20>, <snowplow_tracker.self_describing_json.SelfDescribingJson object at 0x000001894F2B4160>, <snowplow_tracker.self_describing_json.SelfDescribingJson object at 0x000001894F2C55E0>]}
[0m10:06:14.373495 [debug] [MainThread]: Flushing usage events
[0m10:06:15.521782 [debug] [MainThread]: Connection 'debug' was properly closed.
